<?xml version="1.0" encoding="UTF-8"?>
<!-- Generated by org.testng.reporters.JUnitReportReporter -->
<testsuite skipped="0" hostname="sridhar-PC" name="Task.Cubic" tests="1" failures="0" timestamp="31 May 2018 05:37:04 GMT" time="35.793" errors="0">
  <testcase name="exe" time="35.793" classname="Task.Cubic"/>
</testsuite> <!-- Task.Cubic -->
